<?xml version="1.0" encoding="UTF-8"?>
<!-- Generated by org.testng.reporters.JUnitReportReporter -->
<testsuite hostname="Puneets-MacBook-Air.local" failures="0" tests="2" name="testng.antotations" time="0.040" errors="0" timestamp="2024-10-24T11:46:00 IST" skipped="0">
  <testcase classname="testng.antotations" name="serach" time="0.036"/>
  <system-out/>
  <testcase classname="testng.antotations" name="advsearch" time="0.004"/>
  <system-out/>
</testsuite> <!-- testng.antotations -->
